<?xml version="1.0" encoding="UTF-8"?>
<testsuites name="Android Test Suite" time="157.392" tests="4" failures="0" errors="0">
   <testsuite name="Android Test Suite" tests="4" failures="0" errors="0" time="157.392" skipped="0" timestamp="2022-02-02 23:08:41" hostname="stjep - Ryzen-Laptop" id="Test Suites/Android Test Suite">
      <properties>
         <property name="deviceName" value="samsung SM-A528B (Android 12)"/>
         <property name="devicePlatform" value=""/>
         <property name="logFolder" value="C:\\Users\\stjep\\Katalon Studio\\Rezijiser\\Reports\\20220202_230831\\Android Test Suite\\20220202_230831"/>
         <property name="logFiles" value="C:\\Users\\stjep\\Katalon Studio\\Rezijiser\\Reports\\20220202_230831\\Android Test Suite\\20220202_230831\\appium.log, C:\\Users\\stjep\\Katalon Studio\\Rezijiser\\Reports\\20220202_230831\\Android Test Suite\\20220202_230831\\execution0.log"/>
         <property name="attachments" value=""/>
         <property name="hostName" value="stjep - Ryzen-Laptop"/>
         <property name="os" value="Windows 10 64bit"/>
         <property name="appiumServerStatus" value="{&quot;value&quot;:{&quot;build&quot;:{&quot;version&quot;:&quot;1.22.2&quot;}},&quot;sessionId&quot;:null,&quot;status&quot;:0}"/>
         <property name="katalonVersion" value="8.2.5.208"/>
         <property name="deviceOS" value="Android"/>
         <property name="appiumVersion" value="1.22.2"/>
         <property name="deviceModel" value="SM-A528B"/>
         <property name="hostAddress" value="10.28.7.97"/>
         <property name="deviceManufacturer" value="samsung"/>
         <property name="deviceId" value="R5CRA2FXCNW"/>
         <property name="deviceName" value="samsung SM-A528B (Android 12)"/>
         <property name="deviceOSVersion" value="12"/>
      </properties>
      <testcase name="Test Cases/Android/Brisanje racuna" time="48.078" classname="Test Cases/Android/Brisanje racuna" status="PASSED">
         <system-out><![CDATA[2022-02-02 23:08:41 - [TEST_CASE][PASSED] - Test Cases/Android/Brisanje racuna: Test Cases/Android/Brisanje racuna

2022-02-02 23:08:42 - [TEST_STEP][PASSED] - startApplication("C:\Users\stjep\Desktop\rezijiser.apk", true): Started app at: 'C:\Users\stjep\Desktop\rezijiser.apk'

2022-02-02 23:08:48 - [MESSAGE][INFO] - Appium server started on port 54.252

2022-02-02 23:09:19 - [MESSAGE][PASSED] - Started app at: 'C:\Users\stjep\Desktop\rezijiser.apk'

2022-02-02 23:09:19 - [TEST_STEP][PASSED] - tap(findTestObject("Object Repository/Android_Rezijiser/android.view.View - Voda (1)"), 0): Tapped on element 'Object Repository/Android_Rezijiser/android.view.View - Voda (1)'

2022-02-02 23:09:19 - [MESSAGE][WARNING] - Timeout '0' is invalid. Using default page load timeout: '30'

2022-02-02 23:09:21 - [MESSAGE][PASSED] - Tapped on element 'Object Repository/Android_Rezijiser/android.view.View - Voda (1)'

2022-02-02 23:09:21 - [TEST_STEP][PASSED] - tap(findTestObject("Object Repository/Android_Rezijiser/android.view.View - 25.1.2022"), 0): Tapped on element 'Object Repository/Android_Rezijiser/android.view.View - 25.1.2022'

2022-02-02 23:09:21 - [MESSAGE][WARNING] - Timeout '0' is invalid. Using default page load timeout: '30'

2022-02-02 23:09:23 - [MESSAGE][PASSED] - Tapped on element 'Object Repository/Android_Rezijiser/android.view.View - 25.1.2022'

2022-02-02 23:09:23 - [TEST_STEP][PASSED] - tap(findTestObject("Object Repository/Android_Rezijiser/android.view.View (1)"), 0): Tapped on element 'Object Repository/Android_Rezijiser/android.view.View (1)'

2022-02-02 23:09:23 - [MESSAGE][WARNING] - Timeout '0' is invalid. Using default page load timeout: '30'

2022-02-02 23:09:25 - [MESSAGE][PASSED] - Tapped on element 'Object Repository/Android_Rezijiser/android.view.View (1)'

2022-02-02 23:09:25 - [TEST_STEP][PASSED] - tap(findTestObject("Object Repository/Android_Rezijiser/android.view.View - DA"), 0): Tapped on element 'Object Repository/Android_Rezijiser/android.view.View - DA'

2022-02-02 23:09:25 - [MESSAGE][WARNING] - Timeout '0' is invalid. Using default page load timeout: '30'

2022-02-02 23:09:27 - [MESSAGE][PASSED] - Tapped on element 'Object Repository/Android_Rezijiser/android.view.View - DA'

2022-02-02 23:09:27 - [TEST_STEP][PASSED] - getText(findTestObject("Object Repository/Android_Rezijiser/android.view.View - Jo nema unosa"), 0): Text of element 'Object Repository/Android_Rezijiser/android.view.View - Jo nema unosa' is: 'Još nema unosa'

2022-02-02 23:09:27 - [MESSAGE][WARNING] - Timeout '0' is invalid. Using default page load timeout: '30'

2022-02-02 23:09:27 - [MESSAGE][PASSED] - Text of element 'Object Repository/Android_Rezijiser/android.view.View - Jo nema unosa' is: 'Još nema unosa'

2022-02-02 23:09:27 - [TEST_STEP][PASSED] - closeApplication(): Close app successfully

2022-02-02 23:09:29 - [MESSAGE][PASSED] - Close app successfully]]></system-out>
         <system-err><![CDATA[]]></system-err>
      </testcase>
      <testcase name="Test Cases/Android/Dodavanje novog racuna" time="31.292" classname="Test Cases/Android/Dodavanje novog racuna" status="PASSED">
         <system-out><![CDATA[2022-02-02 23:09:29 - [TEST_CASE][PASSED] - Test Cases/Android/Dodavanje novog racuna: Test Cases/Android/Dodavanje novog racuna

2022-02-02 23:09:31 - [TEST_STEP][PASSED] - startApplication("C:\Users\stjep\Desktop\rezijiser.apk", true): Started app at: 'C:\Users\stjep\Desktop\rezijiser.apk'

2022-02-02 23:09:34 - [MESSAGE][INFO] - Appium server started on port 54.537

2022-02-02 23:09:54 - [MESSAGE][PASSED] - Started app at: 'C:\Users\stjep\Desktop\rezijiser.apk'

2022-02-02 23:09:54 - [TEST_STEP][PASSED] - tap(findTestObject("Object Repository/Android_Rezijiser/android.view.View - Voda"), 0): Tapped on element 'Object Repository/Android_Rezijiser/android.view.View - Voda'

2022-02-02 23:09:54 - [MESSAGE][WARNING] - Timeout '0' is invalid. Using default page load timeout: '30'

2022-02-02 23:09:55 - [MESSAGE][PASSED] - Tapped on element 'Object Repository/Android_Rezijiser/android.view.View - Voda'

2022-02-02 23:09:55 - [TEST_STEP][PASSED] - tap(findTestObject("Object Repository/Android_Rezijiser/android.view.View"), 0): Tapped on element 'Object Repository/Android_Rezijiser/android.view.View'

2022-02-02 23:09:55 - [MESSAGE][WARNING] - Timeout '0' is invalid. Using default page load timeout: '30'

2022-02-02 23:09:57 - [MESSAGE][PASSED] - Tapped on element 'Object Repository/Android_Rezijiser/android.view.View'

2022-02-02 23:09:57 - [TEST_STEP][PASSED] - setText(findTestObject("Object Repository/Android_Rezijiser/android.widget.EditText"), "80", 0): Text '80' has been set to element 'Object Repository/Android_Rezijiser/android.widget.EditText'

2022-02-02 23:09:57 - [MESSAGE][WARNING] - Timeout '0' is invalid. Using default page load timeout: '30'

2022-02-02 23:09:57 - [MESSAGE][PASSED] - Text '80' has been set to element 'Object Repository/Android_Rezijiser/android.widget.EditText'

2022-02-02 23:09:57 - [TEST_STEP][PASSED] - tap(findTestObject("Object Repository/Android_Rezijiser/android.view.View - PLAEN"), 0): Tapped on element 'Object Repository/Android_Rezijiser/android.view.View - PLAEN'

2022-02-02 23:09:57 - [MESSAGE][WARNING] - Timeout '0' is invalid. Using default page load timeout: '30'

2022-02-02 23:09:58 - [MESSAGE][PASSED] - Tapped on element 'Object Repository/Android_Rezijiser/android.view.View - PLAEN'

2022-02-02 23:09:58 - [TEST_STEP][PASSED] - tap(findTestObject("Object Repository/Android_Rezijiser/android.view.View - SPREMI"), 0): Tapped on element 'Object Repository/Android_Rezijiser/android.view.View - SPREMI'

2022-02-02 23:09:58 - [MESSAGE][WARNING] - Timeout '0' is invalid. Using default page load timeout: '30'

2022-02-02 23:09:59 - [MESSAGE][PASSED] - Tapped on element 'Object Repository/Android_Rezijiser/android.view.View - SPREMI'

2022-02-02 23:09:59 - [TEST_STEP][PASSED] - closeApplication(): Close app successfully

2022-02-02 23:10:01 - [MESSAGE][PASSED] - Close app successfully]]></system-out>
         <system-err><![CDATA[]]></system-err>
      </testcase>
      <testcase name="Test Cases/Android/Dodavanje racuna s buducim datumom placanja" time="37.442" classname="Test Cases/Android/Dodavanje racuna s buducim datumom placanja" status="PASSED">
         <system-out><![CDATA[2022-02-02 23:10:01 - [TEST_CASE][PASSED] - Test Cases/Android/Dodavanje racuna s buducim datumom placanja: Test Cases/Android/Dodavanje racuna s buducim datumom placanja

2022-02-02 23:10:02 - [TEST_STEP][PASSED] - startApplication("C:\Users\stjep\Desktop\rezijiser.apk", true): Started app at: 'C:\Users\stjep\Desktop\rezijiser.apk'

2022-02-02 23:10:06 - [MESSAGE][INFO] - Appium server started on port 54.795

2022-02-02 23:10:27 - [MESSAGE][PASSED] - Started app at: 'C:\Users\stjep\Desktop\rezijiser.apk'

2022-02-02 23:10:27 - [TEST_STEP][PASSED] - tap(findTestObject("Object Repository/Android_Rezijiser/android.view.View (2)"), 0): Tapped on element 'Object Repository/Android_Rezijiser/android.view.View (2)'

2022-02-02 23:10:27 - [MESSAGE][WARNING] - Timeout '0' is invalid. Using default page load timeout: '30'

2022-02-02 23:10:29 - [MESSAGE][PASSED] - Tapped on element 'Object Repository/Android_Rezijiser/android.view.View (2)'

2022-02-02 23:10:29 - [TEST_STEP][PASSED] - tap(findTestObject("Object Repository/Android_Rezijiser/android.view.View (3)"), 0): Tapped on element 'Object Repository/Android_Rezijiser/android.view.View (3)'

2022-02-02 23:10:29 - [MESSAGE][WARNING] - Timeout '0' is invalid. Using default page load timeout: '30'

2022-02-02 23:10:31 - [MESSAGE][PASSED] - Tapped on element 'Object Repository/Android_Rezijiser/android.view.View (3)'

2022-02-02 23:10:31 - [TEST_STEP][PASSED] - tap(findTestObject("Object Repository/Android_Rezijiser/android.view.View - 15"), 0): Tapped on element 'Object Repository/Android_Rezijiser/android.view.View - 15'

2022-02-02 23:10:31 - [MESSAGE][WARNING] - Timeout '0' is invalid. Using default page load timeout: '30'

2022-02-02 23:10:32 - [MESSAGE][PASSED] - Tapped on element 'Object Repository/Android_Rezijiser/android.view.View - 15'

2022-02-02 23:10:32 - [TEST_STEP][PASSED] - setText(findTestObject("Object Repository/Android_Rezijiser/android.widget.EditText (1)"), "100", 0): Text '100' has been set to element 'Object Repository/Android_Rezijiser/android.widget.EditText (1)'

2022-02-02 23:10:33 - [MESSAGE][WARNING] - Timeout '0' is invalid. Using default page load timeout: '30'

2022-02-02 23:10:33 - [MESSAGE][PASSED] - Text '100' has been set to element 'Object Repository/Android_Rezijiser/android.widget.EditText (1)'

2022-02-02 23:10:33 - [TEST_STEP][PASSED] - setText(findTestObject("Object Repository/Android_Rezijiser/android.widget.EditText (2)"), "Racun s nekom biljeskom", 0): Text 'Racun s nekom biljeskom' has been set to element 'Object Repository/Android_Rezijiser/android.widget.EditText (2)'

2022-02-02 23:10:33 - [MESSAGE][WARNING] - Timeout '0' is invalid. Using default page load timeout: '30'

2022-02-02 23:10:34 - [MESSAGE][PASSED] - Text 'Racun s nekom biljeskom' has been set to element 'Object Repository/Android_Rezijiser/android.widget.EditText (2)'

2022-02-02 23:10:34 - [TEST_STEP][PASSED] - tap(findTestObject("Object Repository/Android_Rezijiser/android.view.View - SPREMI (1)"), 0): Tapped on element 'Object Repository/Android_Rezijiser/android.view.View - SPREMI (1)'

2022-02-02 23:10:34 - [MESSAGE][WARNING] - Timeout '0' is invalid. Using default page load timeout: '30'

2022-02-02 23:10:35 - [MESSAGE][PASSED] - Tapped on element 'Object Repository/Android_Rezijiser/android.view.View - SPREMI (1)'

2022-02-02 23:10:35 - [TEST_STEP][PASSED] - getText(findTestObject("Object Repository/Android_Rezijiser/android.view.View - Nadolazei rauni"), 0): Text of element 'Object Repository/Android_Rezijiser/android.view.View - Nadolazei rauni' is: 'Nadolazeći računi'

2022-02-02 23:10:35 - [MESSAGE][WARNING] - Timeout '0' is invalid. Using default page load timeout: '30'

2022-02-02 23:10:36 - [MESSAGE][PASSED] - Text of element 'Object Repository/Android_Rezijiser/android.view.View - Nadolazei rauni' is: 'Nadolazeći računi'

2022-02-02 23:10:36 - [TEST_STEP][PASSED] - closeApplication(): Close app successfully

2022-02-02 23:10:38 - [MESSAGE][PASSED] - Close app successfully]]></system-out>
         <system-err><![CDATA[]]></system-err>
      </testcase>
      <testcase name="Test Cases/Android/Uredivanje racuna" time="39.873" classname="Test Cases/Android/Uredivanje racuna" status="PASSED">
         <system-out><![CDATA[2022-02-02 23:10:38 - [TEST_CASE][PASSED] - Test Cases/Android/Uredivanje racuna: Test Cases/Android/Uredivanje racuna

2022-02-02 23:10:40 - [TEST_STEP][PASSED] - startApplication("C:\Users\stjep\Desktop\rezijiser.apk", true): Started app at: 'C:\Users\stjep\Desktop\rezijiser.apk'

2022-02-02 23:10:44 - [MESSAGE][INFO] - Appium server started on port 55.033

2022-02-02 23:11:07 - [MESSAGE][PASSED] - Started app at: 'C:\Users\stjep\Desktop\rezijiser.apk'

2022-02-02 23:11:07 - [TEST_STEP][PASSED] - tap(findTestObject("Object Repository/Android_Rezijiser/android.view.View - Voda (2)"), 0): Tapped on element 'Object Repository/Android_Rezijiser/android.view.View - Voda (2)'

2022-02-02 23:11:07 - [MESSAGE][WARNING] - Timeout '0' is invalid. Using default page load timeout: '30'

2022-02-02 23:11:09 - [MESSAGE][PASSED] - Tapped on element 'Object Repository/Android_Rezijiser/android.view.View - Voda (2)'

2022-02-02 23:11:09 - [TEST_STEP][PASSED] - tap(findTestObject("Object Repository/Android_Rezijiser/android.view.View - 25.1.2022 (1)"), 0): Tapped on element 'Object Repository/Android_Rezijiser/android.view.View - 25.1.2022 (1)'

2022-02-02 23:11:09 - [MESSAGE][WARNING] - Timeout '0' is invalid. Using default page load timeout: '30'

2022-02-02 23:11:10 - [MESSAGE][PASSED] - Tapped on element 'Object Repository/Android_Rezijiser/android.view.View - 25.1.2022 (1)'

2022-02-02 23:11:10 - [TEST_STEP][PASSED] - setText(findTestObject("Object Repository/Android_Rezijiser/android.widget.EditText - 0.87"), "87", 0): Text '87' has been set to element 'Object Repository/Android_Rezijiser/android.widget.EditText - 0.87'

2022-02-02 23:11:11 - [MESSAGE][WARNING] - Timeout '0' is invalid. Using default page load timeout: '30'

2022-02-02 23:11:11 - [MESSAGE][PASSED] - Text '87' has been set to element 'Object Repository/Android_Rezijiser/android.widget.EditText - 0.87'

2022-02-02 23:11:11 - [TEST_STEP][PASSED] - tap(findTestObject("Object Repository/Android_Rezijiser/android.view.View - PLAEN (1)"), 0): Tapped on element 'Object Repository/Android_Rezijiser/android.view.View - PLAEN (1)'

2022-02-02 23:11:11 - [MESSAGE][WARNING] - Timeout '0' is invalid. Using default page load timeout: '30'

2022-02-02 23:11:12 - [MESSAGE][PASSED] - Tapped on element 'Object Repository/Android_Rezijiser/android.view.View - PLAEN (1)'

2022-02-02 23:11:12 - [TEST_STEP][PASSED] - tap(findTestObject("Object Repository/Android_Rezijiser/android.view.View - SPREMI IZMJENE"), 0): Tapped on element 'Object Repository/Android_Rezijiser/android.view.View - SPREMI IZMJENE'

2022-02-02 23:11:12 - [MESSAGE][WARNING] - Timeout '0' is invalid. Using default page load timeout: '30'

2022-02-02 23:11:14 - [MESSAGE][PASSED] - Tapped on element 'Object Repository/Android_Rezijiser/android.view.View - SPREMI IZMJENE'

2022-02-02 23:11:14 - [TEST_STEP][PASSED] - getText(findTestObject("Object Repository/Android_Rezijiser/android.view.View - 87.0 kn"), 0): Text of element 'Object Repository/Android_Rezijiser/android.view.View - 87.0 kn' is: '87.0 kn'

2022-02-02 23:11:14 - [MESSAGE][WARNING] - Timeout '0' is invalid. Using default page load timeout: '30'

2022-02-02 23:11:15 - [MESSAGE][PASSED] - Text of element 'Object Repository/Android_Rezijiser/android.view.View - 87.0 kn' is: '87.0 kn'

2022-02-02 23:11:15 - [TEST_STEP][PASSED] - closeApplication(): Close app successfully

2022-02-02 23:11:18 - [MESSAGE][PASSED] - Close app successfully]]></system-out>
         <system-err><![CDATA[]]></system-err>
      </testcase>
      <system-out><![CDATA[2022-02-02 23:08:41 - [TEST_SUITE][PASSED] - Android Test Suite: Test Cases/Android/Uredivanje racuna]]></system-out>
      <system-err><![CDATA[]]></system-err>
   </testsuite>
</testsuites>
